1000,/home/dennis/Repositories/cs457-introduction_to_information_security_systems/Access_Control_Logging_Tool/ransomware/aes_key.txt,Tue Apr  2 23:32:46 2019,1554237166,1,0,71fc54e3633529866ae53f2567798201
1000,/home/dennis/Repositories/cs457-introduction_to_information_security_systems/Access_Control_Logging_Tool/ransomware/testfile,Tue Apr  2 23:32:46 2019,1554237166,1,0,80dbcba0fa79ce8ac90dc7f3673bb255
1000,/home/dennis/Repositories/cs457-introduction_to_information_security_systems/Access_Control_Logging_Tool/ransomware/testfile.encrypt,Tue Apr  2 23:32:46 2019,1554237166,0,0,d41d8cd98f00b204e9800998ecf8427e
1000,/home/dennis/Repositories/cs457-introduction_to_information_security_systems/Access_Control_Logging_Tool/ransomware/testfile.encrypt,Tue Apr  2 23:32:46 2019,1554237166,1,0,d41d8cd98f00b204e9800998ecf8427e
1000,/home/dennis/Repositories/cs457-introduction_to_information_security_systems/Access_Control_Logging_Tool/ransomware/testfile.encrypt,Tue Apr  2 23:32:46 2019,1554237166,2,0,a84364efa9fb0211c778abf50cc43980
1000,/home/dennis/Repositories/cs457-introduction_to_information_security_systems/Access_Control_Logging_Tool/ransomware/testfile.encrypt,Tue Apr  2 23:32:46 2019,1554237166,2,0,0361a7eb235a8d7ec987b40a1d7ac07c
1000,/home/dennis/Repositories/cs457-introduction_to_information_security_systems/Access_Control_Logging_Tool/ransomware/testfile.encrypt,Tue Apr  2 23:32:46 2019,1554237166,2,0,bca65b4a1c75c0c4bffb54f1ccd86bd0
1000,/home/dennis/Repositories/cs457-introduction_to_information_security_systems/Access_Control_Logging_Tool/ransomware/testfile.encrypt,Tue Apr  2 23:32:46 2019,1554237166,2,0,10d307e2eb78073bb44fb5d61b8f9147
1000,/home/dennis/Repositories/cs457-introduction_to_information_security_systems/Access_Control_Logging_Tool/ransomware/testfile.encrypt,Tue Apr  2 23:32:46 2019,1554237166,2,0,155ed53b4de39220b380e20f1fa481ad
1000,/home/dennis/Repositories/cs457-introduction_to_information_security_systems/Access_Control_Logging_Tool/ransomware/testfile.encrypt,Tue Apr  2 23:32:46 2019,1554237166,2,0,6791464b858ed213dbaab669f97f4028
1000,/home/dennis/Repositories/cs457-introduction_to_information_security_systems/Access_Control_Logging_Tool/ransomware/testfile.encrypt,Tue Apr  2 23:32:46 2019,1554237166,2,0,03d82753900c11116ecb29d446f93ed9
1000,/home/dennis/Repositories/cs457-introduction_to_information_security_systems/Access_Control_Logging_Tool/ransomware/testfile.encrypt,Tue Apr  2 23:32:46 2019,1554237166,2,0,1275dc3be98453c65db43271ee89fbd6
1000,/home/dennis/Repositories/cs457-introduction_to_information_security_systems/Access_Control_Logging_Tool/ransomware/testfile.encrypt,Tue Apr  2 23:32:46 2019,1554237166,2,0,2b95a5aab45d57b1d797cbaafec8b134
1000,/home/dennis/Repositories/cs457-introduction_to_information_security_systems/Access_Control_Logging_Tool/ransomware/testfile.encrypt,Tue Apr  2 23:32:46 2019,1554237166,2,0,2ca7342454fa1101d538b72f6e06386f
1000,/home/dennis/Repositories/cs457-introduction_to_information_security_systems/Access_Control_Logging_Tool/ransomware/testfile.encrypt,Tue Apr  2 23:32:46 2019,1554237166,2,0,ba6d71573b86fcc24507b5108ea94b5a
1000,/home/dennis/Repositories/cs457-introduction_to_information_security_systems/Access_Control_Logging_Tool/ransomware/testfile.encrypt,Tue Apr  2 23:32:46 2019,1554237166,2,0,5b19f7c0d82046232be999e74a74e14b
1000,/home/dennis/Repositories/cs457-introduction_to_information_security_systems/Access_Control_Logging_Tool/ransomware/testfile.encrypt,Tue Apr  2 23:32:46 2019,1554237166,2,0,1936fabb2f88ac96136a76c57a6d12fb
1000,/home/dennis/Repositories/cs457-introduction_to_information_security_systems/Access_Control_Logging_Tool/ransomware/testfile.encrypt,Tue Apr  2 23:32:46 2019,1554237166,2,0,19e3557b372bde2c33934d819bfc345d
1000,/home/dennis/Repositories/cs457-introduction_to_information_security_systems/Access_Control_Logging_Tool/ransomware/testfile.encrypt,Tue Apr  2 23:32:46 2019,1554237166,2,0,d77139383d1d6a1e7d8e175c423ae0e3
1000,/home/dennis/Repositories/cs457-introduction_to_information_security_systems/Access_Control_Logging_Tool/ransomware/testfile.encrypt,Tue Apr  2 23:32:46 2019,1554237166,2,0,f7a542860524d3dd897af297afeb6e1a
1000,/home/dennis/Repositories/cs457-introduction_to_information_security_systems/Access_Control_Logging_Tool/ransomware/testfile.encrypt,Tue Apr  2 23:32:46 2019,1554237166,2,0,37bc461cdf736796cf68ce52ab5b40f8
1000,/home/dennis/Repositories/cs457-introduction_to_information_security_systems/Access_Control_Logging_Tool/ransomware/testfile.encrypt,Tue Apr  2 23:32:46 2019,1554237166,2,0,72d1390448c5ca54e13dff67aa010fb5
1000,/home/dennis/Repositories/cs457-introduction_to_information_security_systems/Access_Control_Logging_Tool/ransomware/testfile.encrypt,Tue Apr  2 23:32:46 2019,1554237166,2,0,929a3450e3d3980b2fc8174382b5c7cb
1000,/home/dennis/Repositories/cs457-introduction_to_information_security_systems/Access_Control_Logging_Tool/ransomware/testfile.encrypt,Tue Apr  2 23:32:46 2019,1554237166,2,0,c12ec83ab34a208a13dda6085ca8c88b
1000,/home/dennis/Repositories/cs457-introduction_to_information_security_systems/Access_Control_Logging_Tool/ransomware/testfile.encrypt,Tue Apr  2 23:32:46 2019,1554237166,2,0,95246de233589f4d8a1283495338de24
1000,/home/dennis/Repositories/cs457-introduction_to_information_security_systems/Access_Control_Logging_Tool/ransomware/testfile.encrypt,Tue Apr  2 23:32:46 2019,1554237166,2,0,0dfcb6021c87c50d9426f9cd6bfb1b02
1000,/home/dennis/Repositories/cs457-introduction_to_information_security_systems/Access_Control_Logging_Tool/ransomware/testfile.encrypt,Tue Apr  2 23:32:46 2019,1554237166,2,0,2db2dea20fd5c25651440ba3728cbe06
1000,/home/dennis/Repositories/cs457-introduction_to_information_security_systems/Access_Control_Logging_Tool/ransomware/testfile.encrypt,Tue Apr  2 23:32:46 2019,1554237166,2,0,dfed358487d7806d9b02336750333910
1000,/home/dennis/Repositories/cs457-introduction_to_information_security_systems/Access_Control_Logging_Tool/ransomware/testfile.encrypt,Tue Apr  2 23:32:46 2019,1554237166,2,0,33b50bcd567dddc4829555150b582a31
1000,/home/dennis/Repositories/cs457-introduction_to_information_security_systems/Access_Control_Logging_Tool/ransomware/testfile.encrypt,Tue Apr  2 23:32:46 2019,1554237166,2,0,fad12423a7cbd56964dd0293f35914aa
1000,/home/dennis/Repositories/cs457-introduction_to_information_security_systems/Access_Control_Logging_Tool/ransomware/testfile.encrypt,Tue Apr  2 23:32:46 2019,1554237166,2,0,507ff0bdfb1a27e1198f922cb528fe8f
1000,/home/dennis/Repositories/cs457-introduction_to_information_security_systems/Access_Control_Logging_Tool/ransomware/testfile.encrypt,Tue Apr  2 23:32:46 2019,1554237166,2,0,fc4cc78fb0c199b9d568738812047ac0
1000,/home/dennis/Repositories/cs457-introduction_to_information_security_systems/Access_Control_Logging_Tool/ransomware/testfile.encrypt,Tue Apr  2 23:32:46 2019,1554237166,2,0,e7edd7f28d152052c7f53d15f7fbd64f
1000,/home/dennis/Repositories/cs457-introduction_to_information_security_systems/Access_Control_Logging_Tool/ransomware/testfile.encrypt,Tue Apr  2 23:32:46 2019,1554237166,2,0,ad5fe8d95d7fea7963de85043986db17
1000,/home/dennis/Repositories/cs457-introduction_to_information_security_systems/Access_Control_Logging_Tool/ransomware/testfile.encrypt,Tue Apr  2 23:32:46 2019,1554237166,2,0,5666589347622668ac755de29f1a810c
1000,/home/dennis/Repositories/cs457-introduction_to_information_security_systems/Access_Control_Logging_Tool/ransomware/testfile.encrypt,Tue Apr  2 23:32:46 2019,1554237166,2,0,d74c8c23c0b5d712845aa236c78869c5
1000,/home/dennis/Repositories/cs457-introduction_to_information_security_systems/Access_Control_Logging_Tool/ransomware/testfile.encrypt,Tue Apr  2 23:32:46 2019,1554237166,2,0,ae2d4a3a900e75ff1b45afc12bef0499
1000,/home/dennis/Repositories/cs457-introduction_to_information_security_systems/Access_Control_Logging_Tool/ransomware/testfile.encrypt,Tue Apr  2 23:32:46 2019,1554237166,2,0,f93a2bb4aab1cb2ffae519928d55b5ed
1000,/home/dennis/Repositories/cs457-introduction_to_information_security_systems/Access_Control_Logging_Tool/ransomware/testfile.encrypt,Tue Apr  2 23:32:46 2019,1554237166,2,0,813c4a45386046446f2e7f87d030cd47
1000,/home/dennis/Repositories/cs457-introduction_to_information_security_systems/Access_Control_Logging_Tool/ransomware/testfile.encrypt,Tue Apr  2 23:32:46 2019,1554237166,2,0,2691c81f2e9960ac76a0d4432dc3182b
1000,/home/dennis/Repositories/cs457-introduction_to_information_security_systems/Access_Control_Logging_Tool/ransomware/testfile.encrypt,Tue Apr  2 23:32:46 2019,1554237166,2,0,5b6694cbb7a5018d1a38a06606415caf
1000,/home/dennis/Repositories/cs457-introduction_to_information_security_systems/Access_Control_Logging_Tool/ransomware/testfile.encrypt,Tue Apr  2 23:32:46 2019,1554237166,2,0,fbc8208153170c1c90f4f413001c012f
1000,/home/dennis/Repositories/cs457-introduction_to_information_security_systems/Access_Control_Logging_Tool/ransomware/testfile.encrypt,Tue Apr  2 23:32:46 2019,1554237166,2,0,bd1964f5817942d01d22ef8518228e5d
1000,/home/dennis/Repositories/cs457-introduction_to_information_security_systems/Access_Control_Logging_Tool/ransomware/testfile.encrypt,Tue Apr  2 23:32:46 2019,1554237166,2,0,a1f0dc530721eaa685defbc48588fe09
1000,/home/dennis/Repositories/cs457-introduction_to_information_security_systems/Access_Control_Logging_Tool/ransomware/testfile.encrypt,Tue Apr  2 23:32:46 2019,1554237166,2,0,62acc2cf23b4841b020d5c4aee8a3ad3
1000,/home/dennis/Repositories/cs457-introduction_to_information_security_systems/Access_Control_Logging_Tool/ransomware/testfile.encrypt,Tue Apr  2 23:32:46 2019,1554237166,2,0,4bdb9d2ef007c052e8abdeda1ffd39cb
1000,/home/dennis/Repositories/cs457-introduction_to_information_security_systems/Access_Control_Logging_Tool/ransomware/testfile.encrypt,Tue Apr  2 23:32:46 2019,1554237166,2,0,719236248c32029cca40613b29878019
1000,/home/dennis/Repositories/cs457-introduction_to_information_security_systems/Access_Control_Logging_Tool/ransomware/testfile.encrypt,Tue Apr  2 23:32:46 2019,1554237166,2,0,e1dd8b4c44e7d8e92ec75d6315ac1ee8
1000,/home/dennis/Repositories/cs457-introduction_to_information_security_systems/Access_Control_Logging_Tool/ransomware/testfile.encrypt,Tue Apr  2 23:32:46 2019,1554237166,2,0,3c9c235b987aa1ae1787283d42d283e2
1000,/home/dennis/Repositories/cs457-introduction_to_information_security_systems/Access_Control_Logging_Tool/ransomware/testfile.encrypt,Tue Apr  2 23:32:46 2019,1554237166,2,0,b3324ab60dba7262f4c35e1ca6b0b543
1000,/home/dennis/Repositories/cs457-introduction_to_information_security_systems/Access_Control_Logging_Tool/ransomware/testfile.encrypt,Tue Apr  2 23:32:46 2019,1554237166,2,0,22e2556c53cda11c84bfd92f0070c2f4
1000,/home/dennis/Repositories/cs457-introduction_to_information_security_systems/Access_Control_Logging_Tool/ransomware/testfile.encrypt,Tue Apr  2 23:32:46 2019,1554237166,2,0,d0e966ad7ae5612ae503dc03f659e8d6
1000,/home/dennis/Repositories/cs457-introduction_to_information_security_systems/Access_Control_Logging_Tool/ransomware/testfile.encrypt,Tue Apr  2 23:32:46 2019,1554237166,2,0,ed0957b18cfa6e4aa2c0a391fec132cf
1000,/home/dennis/Repositories/cs457-introduction_to_information_security_systems/Access_Control_Logging_Tool/ransomware/testfile.encrypt,Tue Apr  2 23:32:46 2019,1554237166,2,0,2fe9e27fed442a62c8e09d21495da28b
1000,/home/dennis/Repositories/cs457-introduction_to_information_security_systems/Access_Control_Logging_Tool/ransomware/testfile.encrypt,Tue Apr  2 23:32:46 2019,1554237166,2,0,c0e2fae78b12f729700604b5691d8838
1000,/home/dennis/Repositories/cs457-introduction_to_information_security_systems/Access_Control_Logging_Tool/ransomware/testfile.encrypt,Tue Apr  2 23:32:46 2019,1554237166,2,0,f0c634d5fa6e1f6086ab69d37cc49260
1000,/home/dennis/Repositories/cs457-introduction_to_information_security_systems/Access_Control_Logging_Tool/ransomware/testfile.encrypt,Tue Apr  2 23:32:46 2019,1554237166,2,0,02ed3e55beb2d029b3cbed62ef5d0607
1000,/home/dennis/Repositories/cs457-introduction_to_information_security_systems/Access_Control_Logging_Tool/ransomware/testfile.encrypt,Tue Apr  2 23:32:46 2019,1554237166,2,0,c0c09497719fae983eb49d57870102ba
1000,/home/dennis/Repositories/cs457-introduction_to_information_security_systems/Access_Control_Logging_Tool/ransomware/testfile.encrypt,Tue Apr  2 23:32:46 2019,1554237166,2,0,d947427a86c39e0b0bff1a51f5aa7e6a
1000,/home/dennis/Repositories/cs457-introduction_to_information_security_systems/Access_Control_Logging_Tool/ransomware/testfile.encrypt,Tue Apr  2 23:32:46 2019,1554237166,2,0,209e0b40efdcd8d93e8bcd9475503dd7
1000,/home/dennis/Repositories/cs457-introduction_to_information_security_systems/Access_Control_Logging_Tool/ransomware/testfile.encrypt,Tue Apr  2 23:32:46 2019,1554237166,2,0,b4b58bb7fdf469b5b8af1720c717e0a1
1000,/home/dennis/Repositories/cs457-introduction_to_information_security_systems/Access_Control_Logging_Tool/ransomware/testfile.encrypt,Tue Apr  2 23:32:46 2019,1554237166,2,0,de259d2089fa7af4f8c87f571cb7ea3d
1000,/home/dennis/Repositories/cs457-introduction_to_information_security_systems/Access_Control_Logging_Tool/ransomware/testfile.encrypt,Tue Apr  2 23:32:46 2019,1554237166,2,0,28ddd61ff86f942d99f8d3b1be165813
1000,/home/dennis/Repositories/cs457-introduction_to_information_security_systems/Access_Control_Logging_Tool/ransomware/testfile.encrypt,Tue Apr  2 23:32:46 2019,1554237166,2,0,b38295bd07f136506f5af4ac21523efc
1000,/home/dennis/Repositories/cs457-introduction_to_information_security_systems/Access_Control_Logging_Tool/ransomware/testfile.encrypt,Tue Apr  2 23:32:46 2019,1554237166,2,0,39b879ef96d1901aed25acaa6f44cddd
1000,/home/dennis/Repositories/cs457-introduction_to_information_security_systems/Access_Control_Logging_Tool/ransomware/testfile.encrypt,Tue Apr  2 23:32:46 2019,1554237166,2,0,6a4d2ddd7194527536e040322711059a
1000,/home/dennis/Repositories/cs457-introduction_to_information_security_systems/Access_Control_Logging_Tool/ransomware/testfile.encrypt,Tue Apr  2 23:32:46 2019,1554237166,2,0,6137e2fb5858b26ad9525cba2c8c682b
1000,/home/dennis/Repositories/cs457-introduction_to_information_security_systems/Access_Control_Logging_Tool/ransomware/testfile.encrypt,Tue Apr  2 23:32:46 2019,1554237166,2,0,8a17578221ebcf9df9276adc368da2c8
1000,/home/dennis/Repositories/cs457-introduction_to_information_security_systems/Access_Control_Logging_Tool/ransomware/testfile.encrypt,Tue Apr  2 23:32:46 2019,1554237166,2,0,15e57b4d8f5c1f2e94ac25d06ac455ea
1000,/home/dennis/Repositories/cs457-introduction_to_information_security_systems/Access_Control_Logging_Tool/ransomware/testfile.encrypt,Tue Apr  2 23:32:46 2019,1554237166,2,0,4b8201e2018f4193172419130038ab64
1000,/home/dennis/Repositories/cs457-introduction_to_information_security_systems/Access_Control_Logging_Tool/ransomware/testfile.encrypt,Tue Apr  2 23:32:46 2019,1554237166,2,0,1dab11c25757e2f2f0824bd7a92875e2
1000,/home/dennis/Repositories/cs457-introduction_to_information_security_systems/Access_Control_Logging_Tool/ransomware/testfile.encrypt,Tue Apr  2 23:32:46 2019,1554237166,2,0,0fd8304945b92bdee984bffbd125ad51
1000,/home/dennis/Repositories/cs457-introduction_to_information_security_systems/Access_Control_Logging_Tool/ransomware/testfile.encrypt,Tue Apr  2 23:32:46 2019,1554237166,2,0,5f9f8eb9b38a176e14808894e43d230a
1000,/home/dennis/Repositories/cs457-introduction_to_information_security_systems/Access_Control_Logging_Tool/ransomware/testfile.encrypt,Tue Apr  2 23:32:46 2019,1554237166,2,0,b01b9c0c0025b9031da95a5ab08012f5
1000,/home/dennis/Repositories/cs457-introduction_to_information_security_systems/Access_Control_Logging_Tool/ransomware/testfile.encrypt,Tue Apr  2 23:32:46 2019,1554237166,2,0,838f3a37cbfa0037995cab1f77b84588
1000,/home/dennis/Repositories/cs457-introduction_to_information_security_systems/Access_Control_Logging_Tool/ransomware/testfile.encrypt,Tue Apr  2 23:32:46 2019,1554237166,2,0,a2af108b9e55e3c2f343facf239c911c
1000,/home/dennis/Repositories/cs457-introduction_to_information_security_systems/Access_Control_Logging_Tool/ransomware/testfile.encrypt,Tue Apr  2 23:32:46 2019,1554237166,2,0,12f1537c77b181be3e6a8a8c8da6ca96
1000,/home/dennis/Repositories/cs457-introduction_to_information_security_systems/Access_Control_Logging_Tool/ransomware/testfile.encrypt,Tue Apr  2 23:32:46 2019,1554237166,2,0,033591a903a1bf1b70d11ff21af0cb3c
1000,/home/dennis/Repositories/cs457-introduction_to_information_security_systems/Access_Control_Logging_Tool/ransomware/testfile.encrypt,Tue Apr  2 23:32:46 2019,1554237166,2,0,b6e36a0b0911947c80b0140c729e7cfb
1000,/home/dennis/Repositories/cs457-introduction_to_information_security_systems/Access_Control_Logging_Tool/ransomware/testfile.encrypt,Tue Apr  2 23:32:46 2019,1554237166,2,0,2c8436bb829cf61ff53af40000e6a37c
1000,/home/dennis/Repositories/cs457-introduction_to_information_security_systems/Access_Control_Logging_Tool/ransomware/testfile.encrypt,Tue Apr  2 23:32:46 2019,1554237166,2,0,3003fc4e47372c1e3b6a0f5476b7e519
1000,/home/dennis/Repositories/cs457-introduction_to_information_security_systems/Access_Control_Logging_Tool/ransomware/testfile.encrypt,Tue Apr  2 23:32:46 2019,1554237166,2,0,38a68e7c1438f78d4a379678d90770ea
1000,/home/dennis/Repositories/cs457-introduction_to_information_security_systems/Access_Control_Logging_Tool/ransomware/testfile.encrypt,Tue Apr  2 23:32:46 2019,1554237166,2,0,a231ae1e28cfdf1f584b5858f019eb89
1000,/home/dennis/Repositories/cs457-introduction_to_information_security_systems/Access_Control_Logging_Tool/ransomware/testfile.encrypt,Tue Apr  2 23:32:46 2019,1554237166,2,0,7a3d28fe1bf4bb971f13c723dfee0c0c
1000,/home/dennis/Repositories/cs457-introduction_to_information_security_systems/Access_Control_Logging_Tool/ransomware/testfile.encrypt,Tue Apr  2 23:32:46 2019,1554237166,2,0,c005affde655b6c7188dc8284fa6f12a
1000,/home/dennis/Repositories/cs457-introduction_to_information_security_systems/Access_Control_Logging_Tool/ransomware/testfile.encrypt,Tue Apr  2 23:32:46 2019,1554237166,2,0,865c46305ad80bf5262cbb48c997b646
1000,/home/dennis/Repositories/cs457-introduction_to_information_security_systems/Access_Control_Logging_Tool/ransomware/testfile.encrypt,Tue Apr  2 23:32:46 2019,1554237166,2,0,914fb6853028324aee7a6310453c0a18
1000,/home/dennis/Repositories/cs457-introduction_to_information_security_systems/Access_Control_Logging_Tool/ransomware/testfile.encrypt,Tue Apr  2 23:32:46 2019,1554237166,2,0,a38331c6671ee5bdb4b6e8d08503d167
1000,/home/dennis/Repositories/cs457-introduction_to_information_security_systems/Access_Control_Logging_Tool/ransomware/testfile.encrypt,Tue Apr  2 23:32:46 2019,1554237166,2,0,6e11e4156732032b5620d7e9e5d27c63
1000,/home/dennis/Repositories/cs457-introduction_to_information_security_systems/Access_Control_Logging_Tool/ransomware/testfile.encrypt,Tue Apr  2 23:32:46 2019,1554237166,2,0,f7a21e7203756271a2d755a661c5c231
1000,/home/dennis/Repositories/cs457-introduction_to_information_security_systems/Access_Control_Logging_Tool/ransomware/testfile.encrypt,Tue Apr  2 23:32:46 2019,1554237166,2,0,6aae089e28d253bf3104bc5e628a9375
1000,/home/dennis/Repositories/cs457-introduction_to_information_security_systems/Access_Control_Logging_Tool/ransomware/testfile.encrypt,Tue Apr  2 23:32:46 2019,1554237166,2,0,19b7e8bba912ff76c5af1e27d7ed69c3
1000,/home/dennis/Repositories/cs457-introduction_to_information_security_systems/Access_Control_Logging_Tool/ransomware/testfile.encrypt,Tue Apr  2 23:32:46 2019,1554237166,2,0,030f5cc731ef46b52d71c4d988032612
1000,/home/dennis/Repositories/cs457-introduction_to_information_security_systems/Access_Control_Logging_Tool/ransomware/testfile.encrypt,Tue Apr  2 23:32:46 2019,1554237166,2,0,bb5df4fbc6f2036b673575a192141a24
1000,/home/dennis/Repositories/cs457-introduction_to_information_security_systems/Access_Control_Logging_Tool/ransomware/testfile.encrypt,Tue Apr  2 23:32:46 2019,1554237166,2,0,5ef6768da6f58239cb95ed2bad2df8d4
1000,/home/dennis/Repositories/cs457-introduction_to_information_security_systems/Access_Control_Logging_Tool/ransomware/testfile.encrypt,Tue Apr  2 23:32:46 2019,1554237166,2,0,6248c93cebccf67dcc7fe1d2875ae93a
1000,/home/dennis/Repositories/cs457-introduction_to_information_security_systems/Access_Control_Logging_Tool/ransomware/testfile.encrypt,Tue Apr  2 23:32:46 2019,1554237166,2,0,cead3fb01b748e93cb1090236cbc1050
1000,/home/dennis/Repositories/cs457-introduction_to_information_security_systems/Access_Control_Logging_Tool/ransomware/testfile.encrypt,Tue Apr  2 23:32:46 2019,1554237166,2,0,f20e1aa1ae9986f6a208edf8e6362110
1000,/home/dennis/Repositories/cs457-introduction_to_information_security_systems/Access_Control_Logging_Tool/ransomware/testfile.encrypt,Tue Apr  2 23:32:46 2019,1554237166,2,0,6eb3ca84855fe00cbea3a127b116f536
1000,/home/dennis/Repositories/cs457-introduction_to_information_security_systems/Access_Control_Logging_Tool/ransomware/testfile.encrypt,Tue Apr  2 23:32:46 2019,1554237166,2,0,5a026b211f58b0f61a2fd38d54b7497a
1000,/home/dennis/Repositories/cs457-introduction_to_information_security_systems/Access_Control_Logging_Tool/ransomware/testfile.encrypt,Tue Apr  2 23:32:46 2019,1554237166,2,0,df61f81ffb36d4a6fbdd3536e32d7d31
1000,/home/dennis/Repositories/cs457-introduction_to_information_security_systems/Access_Control_Logging_Tool/ransomware/testfile.encrypt,Tue Apr  2 23:32:46 2019,1554237166,2,0,43a175f48059e6c53518c480650f8442
1000,/home/dennis/Repositories/cs457-introduction_to_information_security_systems/Access_Control_Logging_Tool/ransomware/testfile.encrypt,Tue Apr  2 23:32:46 2019,1554237166,2,0,3e379dfdc049a3561e93f543daf36545
1000,/home/dennis/Repositories/cs457-introduction_to_information_security_systems/Access_Control_Logging_Tool/ransomware/testfile.encrypt,Tue Apr  2 23:32:46 2019,1554237166,2,0,b14830663bcae09539486255d2be9127
1000,/home/dennis/Repositories/cs457-introduction_to_information_security_systems/Access_Control_Logging_Tool/ransomware/testfile.encrypt,Tue Apr  2 23:32:46 2019,1554237166,2,0,ac82347fd395c37a03be815dad9a3689
1000,/home/dennis/Repositories/cs457-introduction_to_information_security_systems/Access_Control_Logging_Tool/ransomware/testfile.encrypt,Tue Apr  2 23:32:46 2019,1554237166,2,0,c328129df05c317d33feb96ec296afe6
1000,/home/dennis/Repositories/cs457-introduction_to_information_security_systems/Access_Control_Logging_Tool/ransomware/testfile.encrypt,Tue Apr  2 23:32:46 2019,1554237166,2,0,46fd965861042337177d46754c2a2afe
1000,/home/dennis/Repositories/cs457-introduction_to_information_security_systems/Access_Control_Logging_Tool/ransomware/testfile.encrypt,Tue Apr  2 23:32:46 2019,1554237166,2,0,f39dde59d89c236c9585d18dd1d5a637
1000,/home/dennis/Repositories/cs457-introduction_to_information_security_systems/Access_Control_Logging_Tool/ransomware/testfile.encrypt,Tue Apr  2 23:32:46 2019,1554237166,2,0,12d5dac79fbbb6d0162aec9ea515474c
1000,/home/dennis/Repositories/cs457-introduction_to_information_security_systems/Access_Control_Logging_Tool/ransomware/testfile.encrypt,Tue Apr  2 23:32:46 2019,1554237166,2,0,0f88013548979740ac09b5a445a5b921
1000,/home/dennis/Repositories/cs457-introduction_to_information_security_systems/Access_Control_Logging_Tool/ransomware/testfile.encrypt,Tue Apr  2 23:32:46 2019,1554237166,2,0,e68508ad034a7ba36e533648c3c88c10
1000,/home/dennis/Repositories/cs457-introduction_to_information_security_systems/Access_Control_Logging_Tool/ransomware/testfile.encrypt,Tue Apr  2 23:32:46 2019,1554237166,2,0,c69f5bc0af42c47b1ab639021e6db95f
1000,/home/dennis/Repositories/cs457-introduction_to_information_security_systems/Access_Control_Logging_Tool/ransomware/testfile.encrypt,Tue Apr  2 23:32:46 2019,1554237166,2,0,2da5239a15ef21ce131a60f8b8fddf9d
1000,/home/dennis/Repositories/cs457-introduction_to_information_security_systems/Access_Control_Logging_Tool/ransomware/testfile.encrypt,Tue Apr  2 23:32:46 2019,1554237166,2,0,7084e12aed3f8a1abafde6a4679407c0
1000,/home/dennis/Repositories/cs457-introduction_to_information_security_systems/Access_Control_Logging_Tool/ransomware/testfile.encrypt,Tue Apr  2 23:32:46 2019,1554237166,2,0,d6f086b052202b8ab8c288fe2d9effe4
1000,/home/dennis/Repositories/cs457-introduction_to_information_security_systems/Access_Control_Logging_Tool/ransomware/testfile.encrypt,Tue Apr  2 23:32:46 2019,1554237166,2,0,869f70e3718b432996d0f8ad200a8d52
1000,/home/dennis/Repositories/cs457-introduction_to_information_security_systems/Access_Control_Logging_Tool/ransomware/testfile.encrypt,Tue Apr  2 23:32:46 2019,1554237166,2,0,ebba34a4cd3985b7bd23ca32a88f7cdd
1000,/home/dennis/Repositories/cs457-introduction_to_information_security_systems/Access_Control_Logging_Tool/ransomware/testfile.encrypt,Tue Apr  2 23:32:46 2019,1554237166,2,0,fc17c10c563bd49006d72964150038f9
1000,/home/dennis/Repositories/cs457-introduction_to_information_security_systems/Access_Control_Logging_Tool/ransomware/testfile.encrypt,Tue Apr  2 23:32:46 2019,1554237166,2,0,bcabebb24eb7c0939223a19b5b7da1fb
1000,/home/dennis/Repositories/cs457-introduction_to_information_security_systems/Access_Control_Logging_Tool/ransomware/testfile.encrypt,Tue Apr  2 23:32:46 2019,1554237166,2,0,c44934db359daff12a9bd16a512f5330
1000,/home/dennis/Repositories/cs457-introduction_to_information_security_systems/Access_Control_Logging_Tool/ransomware/testfile.encrypt,Tue Apr  2 23:32:46 2019,1554237166,2,0,891a87556cffdcb2f6f0930a9ab67790
1000,/home/dennis/Repositories/cs457-introduction_to_information_security_systems/Access_Control_Logging_Tool/ransomware/testfile.encrypt,Tue Apr  2 23:32:46 2019,1554237166,2,0,f2bf631e3d0559a63e27abc2a083bfa5
1000,/home/dennis/Repositories/cs457-introduction_to_information_security_systems/Access_Control_Logging_Tool/ransomware/testfile.encrypt,Tue Apr  2 23:32:46 2019,1554237166,2,0,5e11cfe1d2d2efed7194c13ab0e67a90
1000,/home/dennis/Repositories/cs457-introduction_to_information_security_systems/Access_Control_Logging_Tool/ransomware/testfile.encrypt,Tue Apr  2 23:32:46 2019,1554237166,2,0,7890085acee660430702c4c6515b0246
1000,/home/dennis/Repositories/cs457-introduction_to_information_security_systems/Access_Control_Logging_Tool/ransomware/testfile.encrypt,Tue Apr  2 23:32:46 2019,1554237166,2,0,65f91d9ff367bb4a410cbdc0dc98ff92
1000,/home/dennis/Repositories/cs457-introduction_to_information_security_systems/Access_Control_Logging_Tool/ransomware/testfile.encrypt,Tue Apr  2 23:32:46 2019,1554237166,2,0,737371b704cb14e6e6dffe95e89857f5
1000,/home/dennis/Repositories/cs457-introduction_to_information_security_systems/Access_Control_Logging_Tool/ransomware/testfile.encrypt,Tue Apr  2 23:32:46 2019,1554237166,2,0,fd249a62d619400f05da3e4f8e6b23d9
1000,/home/dennis/Repositories/cs457-introduction_to_information_security_systems/Access_Control_Logging_Tool/ransomware/testfile.encrypt,Tue Apr  2 23:32:46 2019,1554237166,2,0,d2eeaba4c93013472b82b4c8026eb098
1000,/home/dennis/Repositories/cs457-introduction_to_information_security_systems/Access_Control_Logging_Tool/ransomware/testfile.encrypt,Tue Apr  2 23:32:46 2019,1554237166,2,0,bf4a2a78ebd93d2dcc4a57d403da997e
1000,/home/dennis/Repositories/cs457-introduction_to_information_security_systems/Access_Control_Logging_Tool/ransomware/testfile.encrypt,Tue Apr  2 23:32:46 2019,1554237166,2,0,5cfc81ca2069b6386f677e29c1688781
1000,/home/dennis/Repositories/cs457-introduction_to_information_security_systems/Access_Control_Logging_Tool/ransomware/testfile.encrypt,Tue Apr  2 23:32:46 2019,1554237166,2,0,ed5389a29f4794fc4cb83b24c811215d
1000,/home/dennis/Repositories/cs457-introduction_to_information_security_systems/Access_Control_Logging_Tool/ransomware/testfile.encrypt,Tue Apr  2 23:32:46 2019,1554237166,2,0,3dc76a578f95ac168fefb3af759e4c0c
1000,/home/dennis/Repositories/cs457-introduction_to_information_security_systems/Access_Control_Logging_Tool/ransomware/testfile.encrypt,Tue Apr  2 23:32:46 2019,1554237166,2,0,d3e20140c1eddde10d9fd9bdbb24d4dc
1000,/home/dennis/Repositories/cs457-introduction_to_information_security_systems/Access_Control_Logging_Tool/ransomware/testfile.encrypt,Tue Apr  2 23:32:46 2019,1554237166,2,0,cdd48368197dd51c2894227187d60f8c
1000,/home/dennis/Repositories/cs457-introduction_to_information_security_systems/Access_Control_Logging_Tool/ransomware/testfile.encrypt,Tue Apr  2 23:32:46 2019,1554237166,2,0,7f08318c126e642536a2d51b7846cb78
1000,/home/dennis/Repositories/cs457-introduction_to_information_security_systems/Access_Control_Logging_Tool/ransomware/testfile.encrypt,Tue Apr  2 23:32:46 2019,1554237166,2,0,03bffc478eba7003b84bfa7ee003f1da
1000,/home/dennis/Repositories/cs457-introduction_to_information_security_systems/Access_Control_Logging_Tool/ransomware/testfile.encrypt,Tue Apr  2 23:32:46 2019,1554237166,2,0,7c8ca1fa7e64c2e52bf3093f46476d0c
1000,/home/dennis/Repositories/cs457-introduction_to_information_security_systems/Access_Control_Logging_Tool/ransomware/testfile.encrypt,Tue Apr  2 23:32:46 2019,1554237166,2,0,71d3c7868bf109ce2a0bd64ad0732fc7
1000,/home/dennis/Repositories/cs457-introduction_to_information_security_systems/Access_Control_Logging_Tool/ransomware/testfile.encrypt,Tue Apr  2 23:32:46 2019,1554237166,2,0,56f06973d34fcf6f50c6cc8c3027e646
1000,/home/dennis/Repositories/cs457-introduction_to_information_security_systems/Access_Control_Logging_Tool/ransomware/testfile.encrypt,Tue Apr  2 23:32:46 2019,1554237166,2,0,277f21019cbe69178001a9a0c273698b
1000,/home/dennis/Repositories/cs457-introduction_to_information_security_systems/Access_Control_Logging_Tool/ransomware/testfile.encrypt,Tue Apr  2 23:32:46 2019,1554237166,2,0,6f84ca6157a4e639b1f6acfd2973812f
1000,/home/dennis/Repositories/cs457-introduction_to_information_security_systems/Access_Control_Logging_Tool/ransomware/testfile.encrypt,Tue Apr  2 23:32:46 2019,1554237166,2,0,28fec64e2729a362a9b06ea5f97657eb
